C51 COMPILER V9.54   BLUETOOTH                                                             03/12/2024 20:46:11 PAGE 1   


C51 COMPILER V9.54, COMPILATION OF MODULE BLUETOOTH
OBJECT MODULE PLACED IN .\Objects\bluetooth.obj
COMPILER INVOKED BY: D:\huang\Documents\keil\C51\BIN\C51.EXE bluetooth.c OPTIMIZE(8,SPEED) BROWSE DEBUG OBJECTEXTEND PRI
                    -NT(.\Listings\bluetooth.lst) OBJECT(.\Objects\bluetooth.obj)

line level    source

   1          #include <REGX52.H>
   2          #include "move.h"
   3          #include "timer_PWM.h"
   4          #include "bluetooth.h"
   5          volatile unsigned char key='d';         //接受蓝牙数据
   6          volatile unsigned int pattern = 0;   //模式选择
   7          volatile unsigned int launch = 0;       //跟随停止和开始
   8          void bluetooth_UartInit()               //9600bps@11.0592MHz
   9          {
  10   1              PCON &= 0x7F;           //波特率不倍速
  11   1              SCON = 0x50;            //8位数据,可变波特率
  12   1              
  13   1              TMOD &= 0x0F;           //设置定时器模式
  14   1              TMOD |= 0x20;           //设置定时器模式
  15   1              TL1 = 0xFD;             //设置定时初始值
  16   1              TH1 = 0xFD;             //设置定时重载值
  17   1              ET1 = 0;                //禁止定时器%d中断
  18   1              TR1 = 1;                //定时器1开始计时
  19   1          ES=1;
  20   1          EA=1;
  21   1      }
  22          void bluetooth_move_take(unsigned char key)
  23          {
  24   1          switch(key)
  25   1          {
  26   2              case 'a':if(pattern == 1){move_go();} break;        //前进
  27   2              case 'b':if(pattern == 1){move_back();} break;      //后退    
  28   2              case 'c':if(pattern == 1){move_left();}break;       //左转    
  29   2              case 'd':if(pattern == 1){move_stop(); }break;      //停止
  30   2              case 'e':if(pattern == 1){move_right(); }break;     //右转
  31   2                      
  32   2              case 'f':speed_left = 50;speed_right = 50;break;  //速度1
  33   2              case 'g':speed_left = 100;speed_right = 100;break;//速度2  
  34   2                      
  35   2                      case 'h':move_stop();pattern = 1; break;                        //蓝牙避障模式
  36   2                      case 'i':launch = 0;move_stop();pattern = 2; break;             //超声波跟随模式        
  37   2                      
  38   2                      case 'j':if(pattern == 2){launch = 1;move_stop();}break;                                                //开始跟随
  39   2                      case 'k':if(pattern == 2){launch = 0;move_stop();} break;                                               //停止跟随
  40   2                      case 'l': move_stop();pattern = 3; break;                            //循迹模式
  41   2          }
  42   1      }
  43          void bluetooth_uart_pass() interrupt 4
  44          {
  45   1          
  46   1          if(RI==1)
  47   1          {
  48   2              key = SBUF;
  49   2              if(key <= 5)
  50   2              {
  51   3                  move_stop();
  52   3              }
  53   2                      
  54   2              bluetooth_move_take(key);
C51 COMPILER V9.54   BLUETOOTH                                                             03/12/2024 20:46:11 PAGE 2   

  55   2              
  56   2                  
  57   2                  
  58   2              RI = 0;
  59   2          }
  60   1          
  61   1      }


MODULE INFORMATION:   STATIC OVERLAYABLE
   CODE SIZE        =    318    ----
   CONSTANT SIZE    =   ----    ----
   XDATA SIZE       =   ----    ----
   PDATA SIZE       =   ----    ----
   DATA SIZE        =      5    ----
   IDATA SIZE       =   ----    ----
   BIT SIZE         =   ----    ----
END OF MODULE INFORMATION.


C51 COMPILATION COMPLETE.  0 WARNING(S),  0 ERROR(S)
