C51 COMPILER V9.54   DELAY                                                                 03/12/2024 20:46:09 PAGE 1   


C51 COMPILER V9.54, COMPILATION OF MODULE DELAY
OBJECT MODULE PLACED IN .\Objects\Delay.obj
COMPILER INVOKED BY: D:\huang\Documents\keil\C51\BIN\C51.EXE Delay.c OPTIMIZE(8,SPEED) BROWSE DEBUG OBJECTEXTEND PRINT(.
                    -\Listings\Delay.lst) OBJECT(.\Objects\Delay.obj)

line level    source

   1          #include <intrins.h>
   2          #include <REGX52.H>
   3          #include "Delay.h"
   4           
   5          void Delay(unsigned int a)              //@11.0592MHz
   6          {
   7   1              unsigned char i, j;
   8   1              while(a--)
   9   1              {
  10   2                              _nop_();
  11   2                              i = 2;
  12   2                              j = 199;
  13   2                              do
  14   2                              {
  15   3                                      while (--j);
  16   3                              } while (--i);
  17   2              }       
  18   1      }
  19          
  20          void Delay10us()                //@11.0592MHz
  21          {
  22   1              unsigned char i;
  23   1              i = 2;
  24   1              while (--i);
  25   1      }
  26          


MODULE INFORMATION:   STATIC OVERLAYABLE
   CODE SIZE        =     27    ----
   CONSTANT SIZE    =   ----    ----
   XDATA SIZE       =   ----    ----
   PDATA SIZE       =   ----    ----
   DATA SIZE        =   ----    ----
   IDATA SIZE       =   ----    ----
   BIT SIZE         =   ----    ----
END OF MODULE INFORMATION.


C51 COMPILATION COMPLETE.  0 WARNING(S),  0 ERROR(S)
