C51 COMPILER V9.54   MAIN                                                                  03/12/2024 20:46:24 PAGE 1   


C51 COMPILER V9.54, COMPILATION OF MODULE MAIN
OBJECT MODULE PLACED IN .\Objects\main.obj
COMPILER INVOKED BY: D:\huang\Documents\keil\C51\BIN\C51.EXE main.c OPTIMIZE(8,SPEED) BROWSE DEBUG OBJECTEXTEND PRINT(.\
                    -Listings\main.lst) OBJECT(.\Objects\main.obj)

line level    source

   1          #include <REGX52.H>
   2          #include "motor.h"
   3          #include "move.h"
   4          #include "Delay.h"
   5          #include "timer_PWM.h"
   6          #include "bluetooth.h"
   7          #include "UT.h"
   8          #include "Servo.h"
   9          
  10          sbit PIR1 = P0^0;
  11          sbit PIR2 = P0^1;
  12          sbit PIR3 = P0^2;
  13          sbit PIR4 = P0^3;
  14          void PIR_work()                 //∫ÏÕ‚±‹’œƒ£øÈ
  15          {
  16   1          if(PIR1 == 0 || PIR2 == 0)
  17   1              {
  18   2                  move_stop();
  19   2                  move_back();
  20   2                  Delay(150);
  21   2                  move_stop();
  22   2                 
  23   2                  
  24   2              }
  25   1              if(PIR3 == 0 || PIR4 == 0)
  26   1              {
  27   2                  move_stop();
  28   2                  move_go();
  29   2                  Delay(150);
  30   2                  move_stop();
  31   2                  
  32   2              }
  33   1      }
  34          void PIR_turn()                 //∫ÏÕ‚π’Õ‰
  35          {
  36   1              if(PIR1 == 0 && PIR2 == 1)  //”“π’
  37   1              {
  38   2                      move_left();
  39   2                      
  40   2                      
  41   2              }
  42   1              if(PIR1 == 1 && PIR2 == 0)  //◊Ûπ’
  43   1              {
  44   2                      move_right();           
  45   2              }
  46   1              
  47   1              
  48   1      }
  49           
  50          void main()
  51          {
  52   1          int n = 0;
  53   1              Timer0Init();
  54   1          bluetooth_UartInit();
C51 COMPILER V9.54   MAIN                                                                  03/12/2024 20:46:24 PAGE 2   

  55   1              Timer2_Init();
  56   1          speed_left=50;
  57   1          speed_right=50;
  58   1               
  59   1          while(1)
  60   1          {
  61   2              if(pattern == 1)
  62   2                      {
  63   3                              PIR_work();
  64   3                              PIR_turn();
  65   3                      }
  66   2                      if(pattern == 2)
  67   2                      {
  68   3                               servo();
  69   3                              
  70   3                              if(launch==1)
  71   3                              {       
  72   4                                      
  73   4                                      PIR_turn();
  74   4                                      n = UT_work();
  75   4                                              
  76   4                                      switch(n)
  77   4                                      {
  78   5                                              case 1:move_stop();break;
  79   5                                              case 2:move_back();break;
  80   5                                              case 3:move_go();break;
  81   5                                      }
  82   4                              }
  83   3                      }
  84   2                      if(pattern==3)
  85   2                      {
  86   3                      void Chack();
  87   3                      }
  88   2       
  89   2                     
  90   2          }
  91   1      }


MODULE INFORMATION:   STATIC OVERLAYABLE
   CODE SIZE        =    171    ----
   CONSTANT SIZE    =   ----    ----
   XDATA SIZE       =   ----    ----
   PDATA SIZE       =   ----    ----
   DATA SIZE        =   ----       2
   IDATA SIZE       =   ----    ----
   BIT SIZE         =   ----    ----
END OF MODULE INFORMATION.


C51 COMPILATION COMPLETE.  0 WARNING(S),  0 ERROR(S)
