C51 COMPILER V9.54   MOTOR                                                                 03/12/2024 20:46:21 PAGE 1   


C51 COMPILER V9.54, COMPILATION OF MODULE MOTOR
OBJECT MODULE PLACED IN .\Objects\motor.obj
COMPILER INVOKED BY: D:\huang\Documents\keil\C51\BIN\C51.EXE motor.c OPTIMIZE(8,SPEED) BROWSE DEBUG OBJECTEXTEND PRINT(.
                    -\Listings\motor.lst) OBJECT(.\Objects\motor.obj)

line level    source

   1          #include <REGX52.H>
   2           #include "move.h"
   3          sbit IN1 = P1^0;
   4          sbit IN2 = P1^1;
   5          sbit IN3 = P1^2;
   6          sbit IN4 = P1^3;
   7           
   8           
   9          void car_left_motor_forward()  //左电机向前
  10          {
  11   1          IN3=0;
  12   1          IN4=1;
  13   1      }
  14          void car_left_motor_back()  //左电机向后
  15          {
  16   1          IN3=1;
  17   1          IN4=0;
  18   1      }
  19          void car_right_motor_forward()  //右电机向前
  20          {
  21   1          IN1=1;
  22   1          IN2=0;
  23   1      }
  24          void car_right_motor_back()  //右电机向后
  25          {
  26   1          IN1=0;
  27   1          IN2=1;
  28   1      }
  29          void car_right_motor_stop()  //右电机停止
  30          {
  31   1          IN1=1;
  32   1          IN2=1;
  33   1      }
  34           
  35          void car_left_motor_stop()  //左电机停止
  36          {
  37   1          IN4=1;
  38   1          IN3=1;
  39   1      }


MODULE INFORMATION:   STATIC OVERLAYABLE
   CODE SIZE        =     30    ----
   CONSTANT SIZE    =   ----    ----
   XDATA SIZE       =   ----    ----
   PDATA SIZE       =   ----    ----
   DATA SIZE        =   ----    ----
   IDATA SIZE       =   ----    ----
   BIT SIZE         =   ----    ----
END OF MODULE INFORMATION.


C51 COMPILATION COMPLETE.  0 WARNING(S),  0 ERROR(S)
