C51 COMPILER V9.54   TIMER_PWM                                                             03/12/2024 20:46:15 PAGE 1   


C51 COMPILER V9.54, COMPILATION OF MODULE TIMER_PWM
OBJECT MODULE PLACED IN .\Objects\timer_PWM.obj
COMPILER INVOKED BY: D:\huang\Documents\keil\C51\BIN\C51.EXE timer_PWM.c OPTIMIZE(8,SPEED) BROWSE DEBUG OBJECTEXTEND PRI
                    -NT(.\Listings\timer_PWM.lst) OBJECT(.\Objects\timer_PWM.obj)

line level    source

   1          #include <REGX52.H>
   2          #include "timer_PWM.h"
   3          sbit ENL1 = P1^4;
   4          sbit ENL2 = P1^5;
   5          sbit ENR1 = P1^7;
   6          sbit ENR2 = P1^6;
   7          volatile int count = 0;
   8          volatile int speed_left = 0;
   9          volatile int speed_right = 0;
  10          void Timer0Init(void)           //定时器0初始化，100微秒@11.0592MHz
  11          {
  12   1                              
  13   1                      
  14   1              TMOD &= 0xF0;           //设置定时器模式
  15   1              TL0 = 0xAE;             //设置定时初始值
  16   1              TH0 = 0xFB;             //设置定时初始值
  17   1              TF0 = 0;                //清除TF0标志
  18   1              TR0 = 1;                //定时器0开始计时
  19   1          ET0=1;
  20   1          EA=1;
  21   1      }
  22          void time() interrupt 1
  23          {
  24   1          
  25   1          TL0 = 0xAE;         //设置定时初始值
  26   1              TH0 = 0xFB;             //设置定时初始值
  27   1          count++;
  28   1          count%=100;
  29   1          if(count>=speed_left)
  30   1          {
  31   2              ENL1 = 0;
  32   2              ENL2 = 0;
  33   2          }
  34   1          else
  35   1          {
  36   2              ENL1 = 1;
  37   2              ENL2 = 1;
  38   2          }
  39   1          if(count>=speed_right)
  40   1          {
  41   2              ENR1 = 0;
  42   2              ENR2 = 0;
  43   2          }
  44   1          else
  45   1          {
  46   2              ENR1 = 1;
  47   2              ENR2 = 1;
  48   2          }
  49   1          
  50   1      }


MODULE INFORMATION:   STATIC OVERLAYABLE
   CODE SIZE        =    137    ----
C51 COMPILER V9.54   TIMER_PWM                                                             03/12/2024 20:46:15 PAGE 2   

   CONSTANT SIZE    =   ----    ----
   XDATA SIZE       =   ----    ----
   PDATA SIZE       =   ----    ----
   DATA SIZE        =      6    ----
   IDATA SIZE       =   ----    ----
   BIT SIZE         =   ----    ----
END OF MODULE INFORMATION.


C51 COMPILATION COMPLETE.  0 WARNING(S),  0 ERROR(S)
