C51 COMPILER V9.54   UT                                                                    03/12/2024 20:46:13 PAGE 1   


C51 COMPILER V9.54, COMPILATION OF MODULE UT
OBJECT MODULE PLACED IN .\Objects\UT.obj
COMPILER INVOKED BY: D:\huang\Documents\keil\C51\BIN\C51.EXE UT.c OPTIMIZE(8,SPEED) BROWSE DEBUG OBJECTEXTEND PRINT(.\Li
                    -stings\UT.lst) OBJECT(.\Objects\UT.obj)

line level    source

   1          #include <REGX52.H>
   2          #include <INTRINS.H>
   3          #include "UT.h"
   4          sbit Trig = P2^1;
   5          sbit Echo = P2^0;
   6          void Delay50ms()                //@11.0592MHz
   7          {
   8   1              unsigned char i, j;
   9   1       
  10   1              i = 90;
  11   1              j = 163;
  12   1              do
  13   1              {
  14   2                      while (--j);
  15   2              } while (--i);
  16   1      }
  17           
  18          void Delay15us()                //@11.0592MHz
  19          {
  20   1              unsigned char i;
  21   1       
  22   1              i = 4;
  23   1              while (--i);
  24   1      }
  25           
  26           
  27          void Timer2_Init(void)        
  28          {
  29   1          T2MOD = 0;    //初始化模式寄存器
  30   1          T2CON = 0;    //初始化控制寄存器
  31   1          TL2 = 0x00;    //设置定时初值
  32   1          TH2 = 0x00;    //设置定时初值
  33   1          TR2 = 0;        //定时器2关闭计时
  34   1      }
  35          int judge(float cm , float number)
  36          {
  37   1              float n = cm - number;
  38   1              if(n <= 3 && n >= -3)     
  39   1              {
  40   2                      return 1;          //停止   
  41   2              }else if(n < -3)
  42   1              {
  43   2                      return 2;                       //后退   
  44   2              }else if(n > 3)
  45   1              {
  46   2                      return 3;                       //前进    
  47   2              }
  48   1              return 1;
  49   1      }
  50          void Delay25ms()                //@11.0592MHz
  51          {
  52   1              unsigned char i, j;
  53   1       
  54   1              i = 45;
C51 COMPILER V9.54   UT                                                                    03/12/2024 20:46:13 PAGE 2   

  55   1              j = 208;
  56   1              do
  57   1              {
  58   2                      while (--j);
  59   2              } while (--i);
  60   1      }
  61           
  62          int UT_work()
  63          {
  64   1              
  65   1              float number = 8;
  66   1              float s = 0;
  67   1              float cm = 0;
  68   1              int n = 0;
  69   1              Trig = 0;
  70   1              Echo = 0;
  71   1              
  72   1              
  73   1              Trig = 1;
  74   1              Delay15us();
  75   1              Trig = 0;               
  76   1              while(!Echo);   
  77   1              
  78   1              TR2 = 1;        
  79   1              while(Echo);
  80   1              TR2 = 0;                        //关闭计时器
  81   1              s = (float)((TH2 * 256 + TL2) * 0.000001);
  82   1              cm = s * 340 / 2 * 100;         
  83   1              n =judge(cm , number);          
  84   1              cm = 0;
  85   1              s = 0;          
  86   1              TH2 = 0x00;
  87   1              TL2 = 0x00;                     //清除定时器数值
  88   1              Delay25ms();
  89   1              return n;
  90   1       
  91   1              
  92   1                      
  93   1                      
  94   1              
  95   1              
  96   1      }
  97           
  98          //


MODULE INFORMATION:   STATIC OVERLAYABLE
   CODE SIZE        =    335    ----
   CONSTANT SIZE    =   ----    ----
   XDATA SIZE       =   ----    ----
   PDATA SIZE       =   ----    ----
   DATA SIZE        =   ----      24
   IDATA SIZE       =   ----    ----
   BIT SIZE         =   ----    ----
END OF MODULE INFORMATION.


C51 COMPILATION COMPLETE.  0 WARNING(S),  0 ERROR(S)
